[1205/005056.354:ERROR:directory_reader_win.cc(43)] FindFirstFile: 系统找不到指定的路径。 (0x3)
[1206/233117.367:ERROR:process_reader_win.cc(123)] NtOpenThread: {无法访问} 过程已请求访问一对象，但未给访问权限。 (0xc0000022)
[1206/233117.368:ERROR:process_reader_win.cc(123)] NtOpenThread: {无法访问} 过程已请求访问一对象，但未给访问权限。 (0xc0000022)
[1206/233117.367:ERROR:process_reader_win.cc(123)] NtOpenThread: {无法访问} 过程已请求访问一对象，但未给访问权限。 (0xc0000022)
[1206/233117.374:ERROR:process_reader_win.cc(123)] NtOpenThread: {无法访问} 过程已请求访问一对象，但未给访问权限。 (0xc0000022)
[1206/233117.374:ERROR:scoped_process_suspend.cc(31)] NtSuspendProcess: 已尝试访问正在退出的过程。 (0xc000010a)
[1206/233117.393:ERROR:process_reader_win.cc(123)] NtOpenThread: {无法访问} 过程已请求访问一对象，但未给访问权限。 (0xc0000022)
[1206/233117.396:ERROR:exception_snapshot_win.cc(99)] thread ID 9524 not found in process
[1206/233117.396:ERROR:exception_snapshot_win.cc(99)] thread ID 19520 not found in process
[1206/233117.396:ERROR:exception_snapshot_win.cc(99)] thread ID 10864 not found in process
[1206/233117.396:ERROR:exception_snapshot_win.cc(99)] thread ID 4452 not found in process
[1206/233117.397:ERROR:exception_snapshot_win.cc(99)] thread ID 23628 not found in process
[1206/233117.396:ERROR:process_info.cc(118)] ReadProcessMemory bool __cdecl crashpad::(anonymous namespace)::ReadStruct(HANDLE, crashpad::WinVMAddress, T *) [T = crashpad::process_types::PEB<crashpad::process_types::internal::Traits64>]: 仅完成部分的 ReadProcessMemory 或 WriteProcessMemory 请求。 (0x12B)
[1206/233117.397:ERROR:process_info.cc(551)] ReadProcessData failed
[1206/233117.397:ERROR:scoped_process_suspend.cc(40)] NtResumeProcess: 已尝试访问正在退出的过程。 (0xc000010a)
[1206/233117.398:ERROR:scoped_process_suspend.cc(40)] NtResumeProcess: 已尝试访问正在退出的过程。 (0xc000010a)
[1206/233117.398:ERROR:scoped_process_suspend.cc(40)] NtResumeProcess: 已尝试访问正在退出的过程。 (0xc000010a)
[1206/233117.398:ERROR:scoped_process_suspend.cc(40)] NtResumeProcess: 已尝试访问正在退出的过程。 (0xc000010a)
[1206/233117.415:ERROR:process_reader_win.cc(123)] NtOpenThread: {无法访问} 过程已请求访问一对象，但未给访问权限。 (0xc0000022)
[1206/233117.415:ERROR:exception_snapshot_win.cc(99)] thread ID 21148 not found in process
[1206/233117.437:ERROR:process_reader_win.cc(123)] NtOpenThread: {无法访问} 过程已请求访问一对象，但未给访问权限。 (0xc0000022)
[1206/233117.437:ERROR:exception_snapshot_win.cc(99)] thread ID 25276 not found in process
[1206/233117.451:ERROR:process_reader_win.cc(123)] NtOpenThread: {无法访问} 过程已请求访问一对象，但未给访问权限。 (0xc0000022)
[1206/233117.451:ERROR:exception_snapshot_win.cc(99)] thread ID 20892 not found in process
[1206/233117.451:ERROR:scoped_process_suspend.cc(40)] NtResumeProcess: 已尝试访问正在退出的过程。 (0xc000010a)
